Arguments: 
  /usr/local/bin/node /usr/bin/yarn

PATH: 
  /usr/lib/code-server/lib/vscode/bin/remote-cli:/usr/local/bin:/usr/bin:/bin:/usr/local/games:/usr/games

Yarn version: 
  1.22.19

Node version: 
  18.7.0

Platform: 
  linux x64

Trace: 
  Error: ENOENT: no such file or directory, stat '/home/coder/vality/README.md'

npm manifest: 
  {
  	"name": "vality",
  	"description": "A TypeScript schema descriptor library with zero dependencies.",
  	"version": "1.0.0",
  	"author": "Jesper Engberg <jeengbe@gmail.com>",
  	"homepage": "https://github.com/jeengbe/vality",
  	"repository": {
  		"type": "git",
  		"url": "https://github.com/jeengbe/vality.git"
  	},
  	"keywords": [],
  	"license": "MIT",
  	"bugs": {
  		"url": "https://github.com/jeengbe/vality/issues"
  	},
  	"devDependencies": {
  		"@types/jest": "28.1.6",
  		"@types/node": "18.6.4",
  		"jest": "28.1.3",
  		"ts-jest": "28.0.7",
  		"typescript": "4.7.4"
  	},
  	"main": "./dist/index.js",
  	"scripts": {
  		"build": "tsc -p lib/tsconfig.json",
  		"test": "jest",
  		"lint": "echo \"Error: no linting configured\"",
  		"test-watch": "jest --watchAll"
  	}
  }

yarn manifest: 
  No manifest

Lockfile: 
  No lockfile
